milnumar -> (-1, -1)
id -> (41, 0)
= -> (-1, -1)
constant -> (48, 0)
, -> (-1, -1)
id -> (5, 0)
; -> (-1, -1)
milnumar -> (-1, -1)
id -> (10, 0)
, -> (-1, -1)
id -> (34, 0)
; -> (-1, -1)
milsir -> (-1, -1)
id -> (17, 0)
; -> (-1, -1)
milscrii -> (-1, -1)
<< -> (-1, -1)
constant -> (99, 0)
; -> (-1, -1)
milcitesti -> (-1, -1)
>> -> (-1, -1)
id -> (10, 0)
; -> (-1, -1)
miltimp -> (-1, -1)
( -> (-1, -1)
id -> (5, 0)
< -> (-1, -1)
id -> (10, 0)
) -> (-1, -1)
{ -> (-1, -1)
id -> (17, 0)
+= -> (-1, -1)
( -> (-1, -1)
id -> (5, 0)
+ -> (-1, -1)
constant -> (49, 0)
) -> (-1, -1)
+ -> (-1, -1)
constant -> (13, 0)
; -> (-1, -1)
milscrii -> (-1, -1)
<< -> (-1, -1)
id -> (17, 0)
; -> (-1, -1)
milcitesti -> (-1, -1)
>> -> (-1, -1)
id -> (34, 0)
; -> (-1, -1)
id -> (41, 0)
+= -> (-1, -1)
id -> (34, 0)
; -> (-1, -1)
id -> (5, 0)
+ -> (-1, -1)
+ -> (-1, -1)
; -> (-1, -1)
id -> (17, 0)
= -> (-1, -1)
constant -> (68, 0)
} -> (-1, -1)
milscrii -> (-1, -1)
<< -> (-1, -1)
constant -> (41, 0)
<< -> (-1, -1)
id -> (41, 0)
; -> (-1, -1)
milreturnezi -> (-1, -1)
constant -> (48, 0)
; -> (-1, -1)
